"31-12-2021 [main] TRACE o.h.type.descriptor.sql.BasicBinder - binding parameter [1] as [TIMESTAMP] - [Tue Dec 16 10:36:51 BRT 1980]
""31-12-2021 [main] TRACE o.h.type.descriptor.sql.BasicBinder - binding parameter [2] as [VARCHAR] - [Morocco]
""31-12-2021 [main] TRACE o.h.type.descriptor.sql.BasicBinder - binding parameter [3] as [VARCHAR] - [D0058]
""31-12-2021 [main] TRACE o.h.type.descriptor.sql.BasicBinder - binding parameter [4] as [VARCHAR] - [Shonta]
""31-12-2021 [main] TRACE o.h.type.descriptor.sql.BasicBinder - binding parameter [5] as [VARCHAR] - [Upton]
""31-12-2021 [main] TRACE o.h.type.descriptor.sql.BasicBinder - binding parameter [6] as [VARCHAR] - [null]
""31-12-2021 [main] TRACE o.h.type.descriptor.sql.BasicBinder - binding parameter [7] as [VARCHAR] - [1-286-428-4630 x43769]
""31-12-2021 [main] DEBUG org.hibernate.SQL - 
    /* insert com.tirmizee.jpa.entities.Employee
        */ insert 
        into
            sistema.employee
            (birth_date, country, dept_no, first_name, last_name, mid_name, phone) 
        values
            (?, ?, ?, ?, ?, ?, ?)
""31-12-2021 [main] TRACE o.h.type.descriptor.sql.BasicBinder - binding parameter [1] as [TIMESTAMP] - [Thu Nov 03 06:59:09 BRST 1966]
""31-12-2021 [main] TRACE o.h.type.descriptor.sql.BasicBinder - binding parameter [2] as [VARCHAR] - [Togo]
""31-12-2021 [main] TRACE o.h.type.descriptor.sql.BasicBinder - binding parameter [3] as [VARCHAR] - [D0060]
""31-12-2021 [main] TRACE o.h.type.descriptor.sql.BasicBinder - binding parameter [4] as [VARCHAR] - [Tandy]
""31-12-2021 [main] TRACE o.h.type.descriptor.sql.BasicBinder - binding parameter [5] as [VARCHAR] - [Moen]
""31-12-2021 [main] TRACE o.h.type.descriptor.sql.BasicBinder - binding parameter [6] as [VARCHAR] - [null]
""31-12-2021 [main] TRACE o.h.type.descriptor.sql.BasicBinder - binding parameter [7] as [VARCHAR] - [1-346-946-4642]
"